Using pre-set license
Built from '2020.2/staging' branch; Version is '2020.2.5f1 (e2c53f129de5) revision 14861631'; Using compiler version '192528614'; Build Type 'Release'
OS: 'Windows 10 Pro; OS build 19041.928; Version 2004; 64bit' Language: 'da' Physical Memory: 6081 MB
BatchMode: 1, IsHumanControllingUs: 0, StartBugReporterOnCrash: 0, Is64bit: 1, IsPro: 0

 COMMAND LINE ARGUMENTS:
C:\Program Files\Unity\Hub\Editor\2020.2.5f1\Editor\Unity.exe
-adb2
-batchMode
-noUpm
-name
AssetImportWorker1
-projectPath
C:/Users/David/Documents/GamedevOpgaver/unityEksamen
-logFile
Logs/AssetImportWorker1.log
-srvPort
61990
Successfully changed project path to: C:/Users/David/Documents/GamedevOpgaver/unityEksamen
C:/Users/David/Documents/GamedevOpgaver/unityEksamen
Using Asset Import Pipeline V2.
